Build started 07/11/2018 09:37:58.
     1>Project "C:\Users\Admin\Documents\unity-haptic-plugin\OpenHaptics\Developer\3.4.0\examples\HL\console\CustomShape\CustomShape_VS2010.vcxproj" on node 2 (build target(s)).
     1>InitializeBuildStatus:
         Creating ".\Debug\CustomShape.unsuccessfulbuild" because "AlwaysCreate" was specified.
       ClCompile:
         c:\Program Files (x86)\Microsoft Visual Studio 10.0\VC\bin\CL.exe /c /IC:\OpenHaptics\Developer\3.4.0\include /IC:\OpenHaptics\Developer\3.4.0\utilities\include /ZI /nologo /W3 /WX- /Od /Oy- /D WIN32 /D _DEBUG /D _CONSOLE /D _VC80_UPGRADE=0x0600 /D _MBCS /Gm /EHsc /RTC1 /MDd /GS /fp:precise /Zc:wchar_t /Zc:forScope /Fo".\Debug/" /Fd".\Debug/vc100.pdb" /Gd /TP /analyze- /errorReport:prompt CustomShape.cpp HapticRings.cpp HapticSphere.cpp
         HapticSphere.cpp
         HapticRings.cpp
         CustomShape.cpp
     1>c:\users\admin\documents\unity-haptic-plugin\openhaptics\developer\3.4.0\examples\hl\console\customshape\customshape.cpp(64): warning C4996: 'getch': The POSIX name for this item is deprecated. Instead, use the ISO C++ conformant name: _getch. See online help for details.
                 c:\program files (x86)\microsoft visual studio 10.0\vc\include\conio.h(128) : see declaration of 'getch'
     1>c:\users\admin\documents\unity-haptic-plugin\openhaptics\developer\3.4.0\examples\hl\console\customshape\customshape.cpp(93): warning C4244: '=' : conversion from 'const double' to 'float', possible loss of data
     1>c:\users\admin\documents\unity-haptic-plugin\openhaptics\developer\3.4.0\examples\hl\console\customshape\customshape.cpp(94): warning C4244: '=' : conversion from 'const double' to 'float', possible loss of data
     1>c:\users\admin\documents\unity-haptic-plugin\openhaptics\developer\3.4.0\examples\hl\console\customshape\customshape.cpp(256): warning C4996: 'getch': The POSIX name for this item is deprecated. Instead, use the ISO C++ conformant name: _getch. See online help for details.
                 c:\program files (x86)\microsoft visual studio 10.0\vc\include\conio.h(128) : see declaration of 'getch'
         Generating Code...
       ManifestResourceCompile:
         c:\Program Files (x86)\Microsoft SDKs\Windows\v7.0A\bin\rc.exe /nologo /fo".\Debug\CustomShape.exe.embed.manifest.res" .\Debug\CustomShape_manifest.rc 
       Link:
         c:\Program Files (x86)\Microsoft Visual Studio 10.0\VC\bin\link.exe /ERRORREPORT:PROMPT /OUT:".\Debug/CustomShape.exe" /INCREMENTAL /NOLOGO /LIBPATH:C:\OpenHaptics\Developer\3.4.0\lib\Win32\Debug /LIBPATH:C:\OpenHaptics\Developer\3.4.0\utilities\lib\Win32\Debug /LIBPATH:C:\OpenHaptics\Developer\3.4.0\lib\Win32\ hl.lib hd.lib hdu.lib kernel32.lib user32.lib gdi32.lib winspool.lib comdlg32.lib advapi32.lib shell32.lib ole32.lib oleaut32.lib uuid.lib odbc32.lib odbccp32.lib /MANIFEST /ManifestFile:".\Debug\CustomShape.exe.intermediate.manifest" /MANIFESTUAC:"level='asInvoker' uiAccess='false'" /DEBUG /PDB:".\Debug/CustomShape.pdb" /SUBSYSTEM:CONSOLE /TLBID:1 /DYNAMICBASE /NXCOMPAT /IMPLIB:".\Debug\CustomShape.lib" /MACHINE:X86 .\Debug\CustomShape.exe.embed.manifest.res
         .\Debug/CustomShape.obj
         .\Debug/HapticRings.obj
         .\Debug/HapticSphere.obj
     1>hdu.lib(hduError.obj) : warning LNK4204: 'C:\Users\Admin\Documents\unity-haptic-plugin\OpenHaptics\Developer\3.4.0\examples\HL\console\CustomShape\Debug\vc100.pdb' is missing debugging information for referencing module; linking object as if no debug info
     1>hdu.lib(hduLine.obj) : warning LNK4204: 'C:\Users\Admin\Documents\unity-haptic-plugin\OpenHaptics\Developer\3.4.0\examples\HL\console\CustomShape\Debug\vc100.pdb' is missing debugging information for referencing module; linking object as if no debug info
     1>hdu.lib(hduLineSegment.obj) : warning LNK4204: 'C:\Users\Admin\Documents\unity-haptic-plugin\OpenHaptics\Developer\3.4.0\examples\HL\console\CustomShape\Debug\vc100.pdb' is missing debugging information for referencing module; linking object as if no debug info
       Manifest:
         c:\Program Files (x86)\Microsoft SDKs\Windows\v7.0A\bin\mt.exe /nologo /verbose /out:".\Debug\CustomShape.exe.embed.manifest" /manifest .\Debug\CustomShape.exe.intermediate.manifest
         c:\Program Files (x86)\Microsoft SDKs\Windows\v7.0A\bin\rc.exe /nologo /fo".\Debug\CustomShape.exe.embed.manifest.res" .\Debug\CustomShape_manifest.rc 
       LinkEmbedManifest:
         c:\Program Files (x86)\Microsoft Visual Studio 10.0\VC\bin\link.exe /ERRORREPORT:PROMPT /OUT:".\Debug/CustomShape.exe" /INCREMENTAL /NOLOGO /LIBPATH:C:\OpenHaptics\Developer\3.4.0\lib\Win32\Debug /LIBPATH:C:\OpenHaptics\Developer\3.4.0\utilities\lib\Win32\Debug /LIBPATH:C:\OpenHaptics\Developer\3.4.0\lib\Win32\ hl.lib hd.lib hdu.lib kernel32.lib user32.lib gdi32.lib winspool.lib comdlg32.lib advapi32.lib shell32.lib ole32.lib oleaut32.lib uuid.lib odbc32.lib odbccp32.lib /MANIFEST /ManifestFile:".\Debug\CustomShape.exe.intermediate.manifest" /MANIFESTUAC:"level='asInvoker' uiAccess='false'" /DEBUG /PDB:".\Debug/CustomShape.pdb" /SUBSYSTEM:CONSOLE /TLBID:1 /DYNAMICBASE /NXCOMPAT /IMPLIB:".\Debug\CustomShape.lib" /MACHINE:X86 .\Debug\CustomShape.exe.embed.manifest.res
         .\Debug/CustomShape.obj
         .\Debug/HapticRings.obj
         .\Debug/HapticSphere.obj
     1>hdu.lib(hduError.obj) : warning LNK4204: 'C:\Users\Admin\Documents\unity-haptic-plugin\OpenHaptics\Developer\3.4.0\examples\HL\console\CustomShape\Debug\vc100.pdb' is missing debugging information for referencing module; linking object as if no debug info
     1>hdu.lib(hduLine.obj) : warning LNK4204: 'C:\Users\Admin\Documents\unity-haptic-plugin\OpenHaptics\Developer\3.4.0\examples\HL\console\CustomShape\Debug\vc100.pdb' is missing debugging information for referencing module; linking object as if no debug info
     1>hdu.lib(hduLineSegment.obj) : warning LNK4204: 'C:\Users\Admin\Documents\unity-haptic-plugin\OpenHaptics\Developer\3.4.0\examples\HL\console\CustomShape\Debug\vc100.pdb' is missing debugging information for referencing module; linking object as if no debug info
         CustomShape_VS2010.vcxproj -> C:\Users\Admin\Documents\unity-haptic-plugin\OpenHaptics\Developer\3.4.0\examples\HL\console\CustomShape\.\Debug\CustomShape.exe
       FinalizeBuildStatus:
         Deleting file ".\Debug\CustomShape.unsuccessfulbuild".
         Touching ".\Debug\CustomShape.lastbuildstate".
     1>Done Building Project "C:\Users\Admin\Documents\unity-haptic-plugin\OpenHaptics\Developer\3.4.0\examples\HL\console\CustomShape\CustomShape_VS2010.vcxproj" (build target(s)).

Build succeeded.

Time Elapsed 00:00:03.82
