Build started 07/11/2018 09:50:12.
     1>Project "C:\Users\Admin\Documents\unity-haptic-plugin\OpenHaptics\Developer\3.4.0\examples\HL\graphics\SimpleRigidBodyDynamics\SimpleRigidBodyDynamics_VS2010.vcxproj" on node 2 (rebuild target(s)).
     1>InitializeBuildStatus:
         Creating ".\Debug\SimpleRigidBodyDynamics.unsuccessfulbuild" because "AlwaysCreate" was specified.
       ClCompile:
         c:\Program Files (x86)\Microsoft Visual Studio 10.0\VC\bin\CL.exe /c /Iinclude /IC:\OpenHaptics\Developer\3.4.0\include /IC:\OpenHaptics\Developer\3.4.0\utilities\include /ZI /nologo /W3 /WX- /Od /Oy- /D WIN32 /D _DEBUG /D _CONSOLE /D _VC80_UPGRADE=0x0710 /D _MBCS /Gm- /EHsc /RTC1 /MDd /GS /fp:precise /Zc:wchar_t /Zc:forScope /Yc"SimpleRigidBodyDynamicsAfx.h" /Fp".\Debug/SimpleRigidBodyDynamics.pch" /Fo".\Debug/" /Fd".\Debug/vc100.pdb" /FR".\Debug\\" /Gd /TP /analyze- /errorReport:prompt SimpleRigidBodyDynamicsAfx.cpp
         SimpleRigidBodyDynamicsAfx.cpp
         c:\Program Files (x86)\Microsoft Visual Studio 10.0\VC\bin\CL.exe /c /Iinclude /IC:\OpenHaptics\Developer\3.4.0\include /IC:\OpenHaptics\Developer\3.4.0\utilities\include /ZI /nologo /W3 /WX- /Od /Oy- /D WIN32 /D _DEBUG /D _CONSOLE /D _VC80_UPGRADE=0x0710 /D _MBCS /Gm- /EHsc /RTC1 /MDd /GS /fp:precise /Zc:wchar_t /Zc:forScope /Yu"SimpleRigidBodyDynamicsAfx.h" /Fp".\Debug/SimpleRigidBodyDynamics.pch" /Fo".\Debug/" /Fd".\Debug/vc100.pdb" /FR".\Debug\\" /Gd /TP /analyze- /errorReport:prompt Contact.cpp draw_string.cpp DynamicsWorld.cpp DynEdge.cpp DynFace.cpp DynFreePlane.cpp main.cpp OdeSolver.cpp RigidBody.cpp RigidBodyBox.cpp RigidBodyWall.cpp TestScenes.cpp UnProjectUtilities.cpp Witness.cpp
         Contact.cpp
         draw_string.cpp
     1>c:\users\admin\documents\unity-haptic-plugin\openhaptics\developer\3.4.0\examples\hl\graphics\simplerigidbodydynamics\draw_string.cpp(27): fatal error C1083: Cannot open include file: 'GL/glut.h': No such file or directory
         DynamicsWorld.cpp
         DynEdge.cpp
         DynFace.cpp
         DynFreePlane.cpp
         main.cpp
     1>c:\users\admin\documents\unity-haptic-plugin\openhaptics\developer\3.4.0\examples\hl\graphics\simplerigidbodydynamics\main.cpp(27): fatal error C1083: Cannot open include file: 'GL/glut.h': No such file or directory
         OdeSolver.cpp
         RigidBody.cpp
     1>c:\users\admin\documents\unity-haptic-plugin\openhaptics\developer\3.4.0\examples\hl\graphics\simplerigidbodydynamics\rigidbody.cpp(131): warning C4996: 'strncpy': This function or variable may be unsafe. Consider using strncpy_s instead. To disable deprecation, use _CRT_SECURE_NO_WARNINGS. See online help for details.
                 c:\program files (x86)\microsoft visual studio 10.0\vc\include\string.h(188) : see declaration of 'strncpy'
         RigidBodyBox.cpp
         RigidBodyWall.cpp
         TestScenes.cpp
         UnProjectUtilities.cpp
         Witness.cpp
         Generating Code...
     1>Done Building Project "C:\Users\Admin\Documents\unity-haptic-plugin\OpenHaptics\Developer\3.4.0\examples\HL\graphics\SimpleRigidBodyDynamics\SimpleRigidBodyDynamics_VS2010.vcxproj" (rebuild target(s)) -- FAILED.

Build FAILED.

Time Elapsed 00:00:03.13
